<?xml version="1.0" encoding="UTF-8"?>
<!-- Generated by org.testng.reporters.JUnitReportReporter -->
<testsuite hostname="lgvn222509" failures="0" tests="2" name="tests.web.TS_Search" time="52.772" errors="0" timestamp="2023-06-26T21:05:22 ICT" skipped="0">
  <testcase classname="tests.web.TS_Search" name="TC_F_10" time="26.660"/>
  <system-out>
    <![CDATA[<b>INFO: </b>Precondition: Initial Data
<b>INFO: </b>1. Navigate to https://en.wikipedia.org/wiki/Main_Page.
<b>INFO: </b>2. Enter a valid single-word text in the Search textbox.
<b>INFO: </b>3. Select the 'Search for pages containing <text>'
<b style="color: blue;word-break:break-word;"><i style="color: orange">VERIFY POINT: </i>Text "There were no results matching the query." is displayed.</b>
<b style="color: blue;word-break:break-word;"><i style="color: #00af00">PASS </i></b>]]>
  </system-out>
  <testcase classname="tests.web.TS_Search" name="TC_F_01" time="26.112"/>
  <system-out>
    <![CDATA[<b>INFO: </b>Precondition: Initial Data
<b>INFO: </b>1. Navigate to https://en.wikipedia.org/wiki/Main_Page.
<b>INFO: </b>2. Enter a valid single-word text in the Search textbox.
<b>INFO: </b>3. Select the 'Search for pages containing <text>'
<b style="color: blue;word-break:break-word;"><i style="color: orange">VERIFY POINT: </i>Text is displayed "There is a page named "keyword" on Wikipedia.</b>
<b style="color: blue;word-break:break-word;"><i style="color: #00af00">PASS </i></b>
<b style="color: blue;word-break:break-word;"><i style="color: orange">VERIFY POINT: </i>The search results include entries that match the entered text.</b>
<b style="color: blue;word-break:break-word;"><i style="color: #00af00">PASS </i></b>]]>
  </system-out>
</testsuite> <!-- tests.web.TS_Search -->
